LanSoEditor_advance-master/app/build/outputs/logs/manifest-merger-debug-report.txt
-- Merging decision tree log ---
manifest
ADDED from src\main\AndroidManifest.xml:2:1-275:12
INJECTED from src\main\AndroidManifest.xml:2:1-275:12
INJECTED from src\main\AndroidManifest.xml:2:1-275:12
INJECTED from src\main\AndroidManifest.xml:2:1-275:12
MERGED from [com.android.support:appcompat-v7:27.1.1] AndroidManifest.xml:17:1-22:12
MERGED from [:LanSongSDK] AndroidManifest.xml:2:1-11:12
MERGED from [com.android.support:recyclerview-v7:26.0.0-alpha1] AndroidManifest.xml:17:1-26:12
MERGED from [com.android.support:cardview-v7:26.0.0-alpha1] AndroidManifest.xml:17:1-28:12
MERGED from [com.github.warkiz.widget:indicatorseekbar:1.2.9] AndroidManifest.xml:2:1-12:12
MERGED from [com.android.support:support-fragment:27.1.1] AndroidManifest.xml:17:1-22:12
MERGED from [com.android.support:animated-vector-drawable:27.1.1] AndroidManifest.xml:17:1-22:12
MERGED from [com.android.support:support-core-ui:27.1.1] AndroidManifest.xml:17:1-22:12
MERGED from [com.android.support:support-core-utils:27.1.1] AndroidManifest.xml:17:1-22:12
MERGED from [com.android.support:support-vector-drawable:27.1.1] AndroidManifest.xml:17:1-22:12
MERGED from [com.android.support:support-compat:27.1.1] AndroidManifest.xml:17:1-22:12
MERGED from [android.arch.lifecycle:livedata-core:1.1.0] AndroidManifest.xml:17:1-22:12
MERGED from [android.arch.lifecycle:viewmodel:1.1.0] AndroidManifest.xml:17:1-22:12
MERGED from [android.arch.lifecycle:runtime:1.1.0] AndroidManifest.xml:17:1-22:12
MERGED from [android.arch.core:runtime:1.1.0] AndroidManifest.xml:17:1-22:12
INJECTED from src\main\AndroidManifest.xml:2:1-275:12
INJECTED from src\main\AndroidManifest.xml:2:1-275:12
INJECTED from src\main\AndroidManifest.xml:2:1-275:12
	package
		ADDED from src\main\AndroidManifest.xml:4:5-42
		INJECTED from src\main\AndroidManifest.xml
		INJECTED from src\main\AndroidManifest.xml
	android:versionName
		ADDED from src\main\AndroidManifest.xml:6:5-32
		INJECTED from src\main\AndroidManifest.xml
		INJECTED from src\main\AndroidManifest.xml
	xmlns:tools
		ADDED from src\main\AndroidManifest.xml:3:5-51
	xmlns:android
		ADDED from src\main\AndroidManifest.xml:2:11-69
	android:versionCode
		ADDED from src\main\AndroidManifest.xml:5:5-31
		INJECTED from src\main\AndroidManifest.xml
		INJECTED from src\main\AndroidManifest.xml
uses-feature#0x00020000
ADDED from src\main\AndroidManifest.xml:9:5-67
	android:glEsVersion
		ADDED from src\main\AndroidManifest.xml:9:19-51
uses-feature#android.hardware.camera
ADDED from src\main\AndroidManifest.xml:11:5-60
	android:name
		ADDED from src\main\AndroidManifest.xml:11:19-57
uses-feature#android.hardware.autofocus
ADDED from src\main\AndroidManifest.xml:12:5-63
	android:name
		ADDED from src\main\AndroidManifest.xml:12:19-60
uses-permission#android.permission.CAMERA
ADDED from src\main\AndroidManifest.xml:15:5-65
	android:name
		ADDED from src\main\AndroidManifest.xml:15:22-62
uses-permission#android.permission.WAKE_LOCK
ADDED from src\main\AndroidManifest.xml:16:5-68
	android:name
		ADDED from src\main\AndroidManifest.xml:16:22-65
uses-permission#android.permission.RECORD_AUDIO
ADDED from src\main\AndroidManifest.xml:19:5-71
	android:name
		ADDED from src\main\AndroidManifest.xml:19:22-68
uses-permission#android.permission.RECORD_VIDEO
ADDED from src\main\AndroidManifest.xml:20:5-71
	android:name
		ADDED from src\main\AndroidManifest.xml:20:22-68
uses-permission#android.permission.READ_EXTERNAL_STORAGE
ADDED from src\main\AndroidManifest.xml:21:5-80
	android:name
		ADDED from src\main\AndroidManifest.xml:21:22-77
uses-permission#android.permission.WRITE_EXTERNAL_STORAGE
ADDED from src\main\AndroidManifest.xml:22:5-81
	android:name
		ADDED from src\main\AndroidManifest.xml:22:22-78
uses-permission#android.permission.FLASHLIGHT
ADDED from src\main\AndroidManifest.xml:23:5-69
	android:name
		ADDED from src\main\AndroidManifest.xml:23:22-66
permission#android.permission.FLASHLIGHT
ADDED from src\main\AndroidManifest.xml:26:5-29:44
	android:protectionLevel
		ADDED from src\main\AndroidManifest.xml:29:9-41
	android:permissionGroup
		ADDED from src\main\AndroidManifest.xml:28:9-77
	android:name
		ADDED from src\main\AndroidManifest.xml:27:9-53
uses-feature#android.hardware.camera.front
ADDED from src\main\AndroidManifest.xml:32:5-34:36
	android:required
		ADDED from src\main\AndroidManifest.xml:34:9-33
	android:name
		ADDED from src\main\AndroidManifest.xml:33:9-53
application
ADDED from src\main\AndroidManifest.xml:36:5-273:19
MERGED from [com.android.support:cardview-v7:26.0.0-alpha1] AndroidManifest.xml:26:5-20
MERGED from [com.android.support:cardview-v7:26.0.0-alpha1] AndroidManifest.xml:26:5-20
	android:label
		ADDED from src\main\AndroidManifest.xml:40:9-41
	tools:ignore
		ADDED from src\main\AndroidManifest.xml:43:9-48
	android:largeHeap
		ADDED from src\main\AndroidManifest.xml:41:9-33
	android:icon
		ADDED from src\main\AndroidManifest.xml:39:9-41
	android:allowBackup
		ADDED from src\main\AndroidManifest.xml:38:9-35
	android:theme
		ADDED from src\main\AndroidManifest.xml:42:9-40
	android:name
		ADDED from src\main\AndroidManifest.xml:37:9-63
activity#com.example.advanceDemo.utils.StartActivity
ADDED from src\main\AndroidManifest.xml:45:9-47:57
	android:theme
		ADDED from src\main\AndroidManifest.xml:47:13-45
	android:name
		ADDED from src\main\AndroidManifest.xml:46:13-71
activity#com.example.advanceDemo.ListMainActivity
ADDED from src\main\AndroidManifest.xml:49:9-57:20
	android:screenOrientation
		ADDED from src\main\AndroidManifest.xml:51:13-49
	android:name
		ADDED from src\main\AndroidManifest.xml:50:13-68
intent-filter#action:name:android.intent.action.MAIN+category:name:android.intent.category.LAUNCHER
ADDED from src\main\AndroidManifest.xml:52:13-56:29
action#android.intent.action.MAIN
ADDED from src\main\AndroidManifest.xml:53:17-69
	android:name
		ADDED from src\main\AndroidManifest.xml:53:25-66
category#android.intent.category.LAUNCHER
ADDED from src\main\AndroidManifest.xml:55:17-77
	android:name
		ADDED from src\main\AndroidManifest.xml:55:27-74
activity#com.example.advanceDemo.ListAEActivity
ADDED from src\main\AndroidManifest.xml:61:9-64:20
	android:screenOrientation
		ADDED from src\main\AndroidManifest.xml:63:13-49
	android:name
		ADDED from src\main\AndroidManifest.xml:62:13-66
activity#com.example.advanceDemo.aeDemo.AEInputActivity
ADDED from src\main\AndroidManifest.xml:66:9-69:20
	android:screenOrientation
		ADDED from src\main\AndroidManifest.xml:68:13-49
	android:name
		ADDED from src\main\AndroidManifest.xml:67:13-74
activity#com.example.advanceDemo.aeDemo.AEPreviewActivity
ADDED from src\main\AndroidManifest.xml:70:9-73:20
	android:screenOrientation
		ADDED from src\main\AndroidManifest.xml:72:13-49
	android:name
		ADDED from src\main\AndroidManifest.xml:71:13-76
activity#com.example.advanceDemo.aeDemo.AeTextPreviewActivity
ADDED from src\main\AndroidManifest.xml:75:9-78:20
	android:screenOrientation
		ADDED from src\main\AndroidManifest.xml:77:13-49
	android:name
		ADDED from src\main\AndroidManifest.xml:76:13-80
activity#com.example.advanceDemo.aeDemo.AEPositionDemoActivity
ADDED from src\main\AndroidManifest.xml:80:9-83:20
	android:screenOrientation
		ADDED from src\main\AndroidManifest.xml:82:13-49
	android:name
		ADDED from src\main\AndroidManifest.xml:81:13-81
activity#com.example.advanceDemo.TestShanchuActivity
ADDED from src\main\AndroidManifest.xml:87:9-90:20
	android:screenOrientation
		ADDED from src\main\AndroidManifest.xml:89:13-49
	android:name
		ADDED from src\main\AndroidManifest.xml:88:13-71
activity#com.example.advanceDemo.aeDemo.AERecordFileHintActivity
ADDED from src\main\AndroidManifest.xml:93:9-95:20
	android:screenOrientation
		ADDED from src\main\AndroidManifest.xml:94:13-49
	android:name
		ADDED from src\main\AndroidManifest.xml:93:19-89
activity#com.example.advanceDemo.aeDemo.PlayerAEDemoActivity
ADDED from src\main\AndroidManifest.xml:97:9-100:74
	android:screenOrientation
		ADDED from src\main\AndroidManifest.xml:99:13-49
	android:theme
		ADDED from src\main\AndroidManifest.xml:100:13-71
	android:name
		ADDED from src\main\AndroidManifest.xml:98:13-79
activity#com.example.advanceDemo.ListLayerDemoActivity
ADDED from src\main\AndroidManifest.xml:105:9-82
	android:name
		ADDED from src\main\AndroidManifest.xml:105:19-79
activity#com.example.advanceDemo.ListSceneDemoActivity
ADDED from src\main\AndroidManifest.xml:106:9-82
	android:name
		ADDED from src\main\AndroidManifest.xml:106:19-79
activity#com.example.advanceDemo.ListCameraRecordActivity
ADDED from src\main\AndroidManifest.xml:111:9-113:51
	android:screenOrientation
		ADDED from src\main\AndroidManifest.xml:113:13-49
	android:name
		ADDED from src\main\AndroidManifest.xml:112:13-76
activity#com.example.advanceDemo.camera.CameraLayerFullPortActivity
ADDED from src\main\AndroidManifest.xml:115:9-118:73
	android:screenOrientation
		ADDED from src\main\AndroidManifest.xml:117:13-49
	android:theme
		ADDED from src\main\AndroidManifest.xml:118:13-71
	android:name
		ADDED from src\main\AndroidManifest.xml:116:13-86
activity#com.example.advanceDemo.camera.CameraLayerFullPortWithMp3Activity
ADDED from src\main\AndroidManifest.xml:121:9-124:73
	android:screenOrientation
		ADDED from src\main\AndroidManifest.xml:123:13-49
	android:theme
		ADDED from src\main\AndroidManifest.xml:124:13-71
	android:name
		ADDED from src\main\AndroidManifest.xml:122:13-93
activity#com.example.advanceDemo.camera.CameraSubLayerDemo1Activity
ADDED from src\main\AndroidManifest.xml:126:9-129:73
	android:screenOrientation
		ADDED from src\main\AndroidManifest.xml:128:13-49
	android:theme
		ADDED from src\main\AndroidManifest.xml:129:13-71
	android:name
		ADDED from src\main\AndroidManifest.xml:127:13-86
activity#com.example.advanceDemo.camera.CameraSubLayerDemo2Activity
ADDED from src\main\AndroidManifest.xml:131:9-134:73
	android:screenOrientation
		ADDED from src\main\AndroidManifest.xml:133:13-49
	android:theme
		ADDED from src\main\AndroidManifest.xml:134:13-71
	android:name
		ADDED from src\main\AndroidManifest.xml:132:13-86
activity#com.example.advanceDemo.camera.CameraLayerFullSegmentActivity
ADDED from src\main\AndroidManifest.xml:136:9-139:73
	android:screenOrientation
		ADDED from src\main\AndroidManifest.xml:138:13-49
	android:theme
		ADDED from src\main\AndroidManifest.xml:139:13-71
	android:name
		ADDED from src\main\AndroidManifest.xml:137:13-89
activity#com.example.advanceDemo.camera.CameraHePaiActivity
ADDED from src\main\AndroidManifest.xml:141:9-144:73
	android:screenOrientation
		ADDED from src\main\AndroidManifest.xml:143:13-49
	android:theme
		ADDED from src\main\AndroidManifest.xml:144:13-71
	android:name
		ADDED from src\main\AndroidManifest.xml:142:13-78
activity#com.example.advanceDemo.camera.CameraLayerFullLandscapeActivity
ADDED from src\main\AndroidManifest.xml:148:9-151:82
	android:screenOrientation
		ADDED from src\main\AndroidManifest.xml:150:13-50
	android:theme
		ADDED from src\main\AndroidManifest.xml:151:13-80
	android:name
		ADDED from src\main\AndroidManifest.xml:149:13-91
activity#com.example.advanceDemo.camera.CameraLayerKTVDemoActivity
ADDED from src\main\AndroidManifest.xml:153:9-156:82
	android:screenOrientation
		ADDED from src\main\AndroidManifest.xml:155:13-49
	android:theme
		ADDED from src\main\AndroidManifest.xml:156:13-80
	android:name
		ADDED from src\main\AndroidManifest.xml:154:13-85
activity#com.example.advanceDemo.layerDemo.Demo1LayerMothedActivity
ADDED from src\main\AndroidManifest.xml:160:9-162:51
	android:screenOrientation
		ADDED from src\main\AndroidManifest.xml:162:13-49
	android:name
		ADDED from src\main\AndroidManifest.xml:161:13-86
activity#com.example.advanceDemo.DouYinDemoActivity
ADDED from src\main\AndroidManifest.xml:164:9-166:51
	android:screenOrientation
		ADDED from src\main\AndroidManifest.xml:166:13-49
	android:name
		ADDED from src\main\AndroidManifest.xml:165:13-70
activity#com.example.advanceDemo.scene.VideoH2VActivity
ADDED from src\main\AndroidManifest.xml:169:9-171:51
	android:screenOrientation
		ADDED from src\main\AndroidManifest.xml:171:13-49
	android:name
		ADDED from src\main\AndroidManifest.xml:170:13-74
activity#com.example.advanceDemo.layerDemo.Demo2LayerMothedActivity
ADDED from src\main\AndroidManifest.xml:174:9-94
	android:name
		ADDED from src\main\AndroidManifest.xml:174:19-92
activity#com.example.advanceDemo.layerDemo.Demo3LayerFilterActivity
ADDED from src\main\AndroidManifest.xml:175:9-94
	android:name
		ADDED from src\main\AndroidManifest.xml:175:19-92
activity#com.example.advanceDemo.scene.VideoSpeedDemoActivity
ADDED from src\main\AndroidManifest.xml:178:9-88
	android:name
		ADDED from src\main\AndroidManifest.xml:178:19-86
activity#com.example.advanceDemo.VideoOneDODemoActivity
ADDED from src\main\AndroidManifest.xml:180:9-82
	android:name
		ADDED from src\main\AndroidManifest.xml:180:19-80
activity#com.example.advanceDemo.layerDemo.BitmapLayerMarkActivity
ADDED from src\main\AndroidManifest.xml:183:9-93
	android:name
		ADDED from src\main\AndroidManifest.xml:183:19-91
activity#com.example.advanceDemo.layerDemo.TwoVideoLayerActivity
ADDED from src\main\AndroidManifest.xml:186:9-91
	android:name
		ADDED from src\main\AndroidManifest.xml:186:19-89
activity#com.example.advanceDemo.layerDemo.ExecuteTwoVideoLayerDemoActivity
ADDED from src\main\AndroidManifest.xml:188:9-102
	android:name
		ADDED from src\main\AndroidManifest.xml:188:19-100
activity#com.example.advanceDemo.layerDemo.TextureLayerDemoActivity
ADDED from src\main\AndroidManifest.xml:191:9-94
	android:name
		ADDED from src\main\AndroidManifest.xml:191:19-92
activity#com.example.advanceDemo.bitmapAudio.BitmapLayerFilterDemoActivity
ADDED from src\main\AndroidManifest.xml:193:9-101
	android:name
		ADDED from src\main\AndroidManifest.xml:193:19-99
activity#com.example.advanceDemo.layerDemo.CanvasLayerExecuteActivity
ADDED from src\main\AndroidManifest.xml:194:9-96
	android:name
		ADDED from src\main\AndroidManifest.xml:194:19-94
activity#com.example.advanceDemo.scene.VideoSeekActivity
ADDED from src\main\AndroidManifest.xml:196:9-200:20
	android:theme
		ADDED from src\main\AndroidManifest.xml:198:13-80
	android:name
		ADDED from src\main\AndroidManifest.xml:197:13-75
activity#com.example.advanceDemo.scene.LayerLayoutDemoActivity
ADDED from src\main\AndroidManifest.xml:204:9-89
	android:name
		ADDED from src\main\AndroidManifest.xml:204:19-87
activity#com.example.advanceDemo.scene.TwoVideoLayoutActivity
ADDED from src\main\AndroidManifest.xml:205:9-88
	android:name
		ADDED from src\main\AndroidManifest.xml:205:19-86
activity#com.example.advanceDemo.scene.VideoLayerTransformActivity
ADDED from src\main\AndroidManifest.xml:207:9-93
	android:name
		ADDED from src\main\AndroidManifest.xml:207:19-91
activity#com.example.advanceDemo.scene.MoreLayHeadSeekActivity
ADDED from src\main\AndroidManifest.xml:209:9-89
	android:name
		ADDED from src\main\AndroidManifest.xml:209:19-87
activity#com.example.advanceDemo.scene.VideoLayerAutoUpdateActivity
ADDED from src\main\AndroidManifest.xml:211:9-94
	android:name
		ADDED from src\main\AndroidManifest.xml:211:19-92
activity#com.example.advanceDemo.scene.PicturesSlideDemoActivity
ADDED from src\main\AndroidManifest.xml:213:9-91
	android:name
		ADDED from src\main\AndroidManifest.xml:213:19-89
activity#com.example.advanceDemo.scene.ExecuteAllDrawpadActivity
ADDED from src\main\AndroidManifest.xml:215:9-91
	android:name
		ADDED from src\main\AndroidManifest.xml:215:19-89
activity#com.example.advanceDemo.scene.GameVideoDemoActivity
ADDED from src\main\AndroidManifest.xml:218:9-87
	android:name
		ADDED from src\main\AndroidManifest.xml:218:19-85
activity#com.example.advanceDemo.scene.ParticleDemoActivity
ADDED from src\main\AndroidManifest.xml:221:9-86
	android:name
		ADDED from src\main\AndroidManifest.xml:221:19-84
activity#com.example.advanceDemo.scene.VViewImage3DDemoActivity
ADDED from src\main\AndroidManifest.xml:223:9-90
	android:name
		ADDED from src\main\AndroidManifest.xml:223:19-88
activity#com.example.advanceDemo.layerDemo.ExecuteVideoLayerActivity
ADDED from src\main\AndroidManifest.xml:228:9-95
	android:name
		ADDED from src\main\AndroidManifest.xml:228:19-93
activity#com.example.advanceDemo.bitmapAudio.ExtractVideoFrameDemoActivity
ADDED from src\main\AndroidManifest.xml:230:9-101
	android:name
		ADDED from src\main\AndroidManifest.xml:230:19-99
activity#com.example.advanceDemo.bitmapAudio.DisplayFramesActivity
ADDED from src\main\AndroidManifest.xml:233:9-93
	android:name
		ADDED from src\main\AndroidManifest.xml:233:19-91
activity#com.example.advanceDemo.ListBitmapAudioActivity
ADDED from src\main\AndroidManifest.xml:234:9-83
	android:name
		ADDED from src\main\AndroidManifest.xml:234:19-81
activity#com.example.advanceDemo.layerDemo.CanvasLayerDemoActivity
ADDED from src\main\AndroidManifest.xml:237:9-93
	android:name
		ADDED from src\main\AndroidManifest.xml:237:19-91
activity#com.example.advanceDemo.bitmapAudio.BitmapEditDemoActivity
ADDED from src\main\AndroidManifest.xml:239:9-94
	android:name
		ADDED from src\main\AndroidManifest.xml:239:19-92
activity#com.example.advanceDemo.VideoPlayerActivity
ADDED from src\main\AndroidManifest.xml:244:9-79
	android:name
		ADDED from src\main\AndroidManifest.xml:244:19-77
activity#com.example.advanceDemo.utils.FileExplorerActivity
ADDED from src\main\AndroidManifest.xml:246:9-248:51
	android:label
		ADDED from src\main\AndroidManifest.xml:248:13-49
	android:name
		ADDED from src\main\AndroidManifest.xml:247:13-78
activity#com.example.advanceDemo.scene.ExecuteBitmapLayerActivity
ADDED from src\main\AndroidManifest.xml:251:9-92
	android:name
		ADDED from src\main\AndroidManifest.xml:251:19-90
activity#com.example.advanceDemo.layerDemo.ViewLayerDemoActivity
ADDED from src\main\AndroidManifest.xml:252:9-91
	android:name
		ADDED from src\main\AndroidManifest.xml:252:19-89
activity#com.example.advanceDemo.layerDemo.ViewLayerOnlyActivity
ADDED from src\main\AndroidManifest.xml:253:9-91
	android:name
		ADDED from src\main\AndroidManifest.xml:253:19-89
activity#com.example.advanceDemo.layerDemo.MVLayerDemoActivity
ADDED from src\main\AndroidManifest.xml:254:9-89
	android:name
		ADDED from src\main\AndroidManifest.xml:254:19-87
activity#com.example.advanceDemo.scene.VideoV2HActivity
ADDED from src\main\AndroidManifest.xml:258:9-83
	android:name
		ADDED from src\main\AndroidManifest.xml:258:19-80
activity#com.example.advanceDemo.scene.VideoConcatAcvivity
ADDED from src\main\AndroidManifest.xml:260:9-261:52
	android:screenOrientation
		ADDED from src\main\AndroidManifest.xml:261:13-49
	android:name
		ADDED from src\main\AndroidManifest.xml:260:19-83
activity#com.example.advanceDemo.TestMediaPlayerActivity
ADDED from src\main\AndroidManifest.xml:264:9-84
	android:name
		ADDED from src\main\AndroidManifest.xml:264:19-81
activity#com.example.advanceDemo.aeDemo.AEExecuteAutoSearchActivity
ADDED from src\main\AndroidManifest.xml:265:9-95
	android:name
		ADDED from src\main\AndroidManifest.xml:265:19-92
activity#com.example.advanceDemo.aeDemo.AEFrameShowActivity
ADDED from src\main\AndroidManifest.xml:266:9-87
	android:name
		ADDED from src\main\AndroidManifest.xml:266:19-84
activity#com.example.advanceDemo.aeDemo.AERenderExecuteActivity
ADDED from src\main\AndroidManifest.xml:267:9-91
	android:name
		ADDED from src\main\AndroidManifest.xml:267:19-88
activity#com.example.advanceDemo.ReversePlayerActivity
ADDED from src\main\AndroidManifest.xml:268:9-82
	android:name
		ADDED from src\main\AndroidManifest.xml:268:19-79
activity#com.example.advanceDemo.VideoOneDO2Activity
ADDED from src\main\AndroidManifest.xml:269:9-80
	android:name
		ADDED from src\main\AndroidManifest.xml:269:19-77
activity#com.example.advanceDemo.layerDemo.ViewLayerListActivity
ADDED from src\main\AndroidManifest.xml:270:9-92
	android:name
		ADDED from src\main\AndroidManifest.xml:270:19-89
uses-sdk
INJECTED from src\main\AndroidManifest.xml reason: use-sdk injection requested
INJECTED from src\main\AndroidManifest.xml
INJECTED from src\main\AndroidManifest.xml
MERGED from [com.android.support:appcompat-v7:27.1.1] AndroidManifest.xml:20:5-44
MERGED from [com.android.support:appcompat-v7:27.1.1] AndroidManifest.xml:20:5-44
MERGED from [:LanSongSDK] AndroidManifest.xml:7:5-9:41
MERGED from [:LanSongSDK] AndroidManifest.xml:7:5-9:41
MERGED from [com.android.support:recyclerview-v7:26.0.0-alpha1] AndroidManifest.xml:20:5-44
MERGED from [com.android.support:recyclerview-v7:26.0.0-alpha1] AndroidManifest.xml:20:5-44
MERGED from [com.android.support:cardview-v7:26.0.0-alpha1] AndroidManifest.xml:20:5-44
MERGED from [com.android.support:cardview-v7:26.0.0-alpha1] AndroidManifest.xml:20:5-44
MERGED from [com.github.warkiz.widget:indicatorseekbar:1.2.9] AndroidManifest.xml:8:5-10:41
MERGED from [com.github.warkiz.widget:indicatorseekbar:1.2.9] AndroidManifest.xml:8:5-10:41
MERGED from [com.android.support:support-fragment:27.1.1] AndroidManifest.xml:20:5-44
MERGED from [com.android.support:support-fragment:27.1.1] AndroidManifest.xml:20:5-44
MERGED from [com.android.support:animated-vector-drawable:27.1.1] AndroidManifest.xml:20:5-44
MERGED from [com.android.support:animated-vector-drawable:27.1.1] AndroidManifest.xml:20:5-44
MERGED from [com.android.support:support-core-ui:27.1.1] AndroidManifest.xml:20:5-44
MERGED from [com.android.support:support-core-ui:27.1.1] AndroidManifest.xml:20:5-44
MERGED from [com.android.support:support-core-utils:27.1.1] AndroidManifest.xml:20:5-44
MERGED from [com.android.support:support-core-utils:27.1.1] AndroidManifest.xml:20:5-44
MERGED from [com.android.support:support-vector-drawable:27.1.1] AndroidManifest.xml:20:5-44
MERGED from [com.android.support:support-vector-drawable:27.1.1] AndroidManifest.xml:20:5-44
MERGED from [com.android.support:support-compat:27.1.1] AndroidManifest.xml:20:5-44
MERGED from [com.android.support:support-compat:27.1.1] AndroidManifest.xml:20:5-44
MERGED from [android.arch.lifecycle:livedata-core:1.1.0] AndroidManifest.xml:20:5-44
MERGED from [android.arch.lifecycle:livedata-core:1.1.0] AndroidManifest.xml:20:5-44
MERGED from [android.arch.lifecycle:viewmodel:1.1.0] AndroidManifest.xml:20:5-44
MERGED from [android.arch.lifecycle:viewmodel:1.1.0] AndroidManifest.xml:20:5-44
MERGED from [android.arch.lifecycle:runtime:1.1.0] AndroidManifest.xml:20:5-44
MERGED from [android.arch.lifecycle:runtime:1.1.0] AndroidManifest.xml:20:5-44
MERGED from [android.arch.core:runtime:1.1.0] AndroidManifest.xml:20:5-44
MERGED from [android.arch.core:runtime:1.1.0] AndroidManifest.xml:20:5-44
INJECTED from src\main\AndroidManifest.xml
INJECTED from src\main\AndroidManifest.xml
	android:targetSdkVersion
		INJECTED from src\main\AndroidManifest.xml
		ADDED from src\main\AndroidManifest.xml
		INJECTED from src\main\AndroidManifest.xml
	android:minSdkVersion
		INJECTED from src\main\AndroidManifest.xml
		ADDED from src\main\AndroidManifest.xml
		INJECTED from src\main\AndroidManifest.xml
meta-data#android.support.VERSION
ADDED from [com.android.support:recyclerview-v7:26.0.0-alpha1] AndroidManifest.xml:22:5-24:41
MERGED from [com.android.support:cardview-v7:26.0.0-alpha1] AndroidManifest.xml:22:5-24:41
MERGED from [com.android.support:cardview-v7:26.0.0-alpha1] AndroidManifest.xml:22:5-24:41
	android:value
		ADDED from [com.android.support:recyclerview-v7:26.0.0-alpha1] AndroidManifest.xml:24:9-38
	android:name
		ADDED from [com.android.support:recyclerview-v7:26.0.0-alpha1] AndroidManifest.xml:23:9-47